<?xml version="1.0" encoding="UTF-8"?>
<!-- Generated by org.testng.reporters.JUnitReportReporter -->
<testsuite hostname="VFY-QA-22" failures="0" tests="1" name="DeepaAndroid.Appium.MobileBrowserTest" time="5.422" errors="0" timestamp="2022-08-23T13:38:43 IST" skipped="0">
  <testcase classname="DeepaAndroid.Appium.MobileBrowserTest" name="browserTest" time="5.422"/>
  <system-out/>
</testsuite> <!-- DeepaAndroid.Appium.MobileBrowserTest -->
