<?xml version="1.0" encoding="UTF-8"?>
<!-- Generated by org.testng.reporters.JUnitReportReporter -->
<testsuite hostname="VFY-QA-22" failures="0" tests="1" name="DeepaAndroid.Appium.Ecommerce_TC4" time="37.294" errors="0" timestamp="2022-08-23T12:23:06 IST" skipped="0">
  <testcase classname="DeepaAndroid.Appium.Ecommerce_TC4" name="FillForm" time="37.294"/>
  <system-out/>
</testsuite> <!-- DeepaAndroid.Appium.Ecommerce_TC4 -->
