<?xml version="1.0" encoding="UTF-8"?>
<!-- Generated by org.testng.reporters.JUnitReportReporter -->
<testsuite hostname="VFY-QA-22" failures="0" tests="1" name="DeepaAndroid.Appium.Ecommerce_TC3" time="27.514" errors="0" timestamp="2022-08-23T12:08:18 IST" skipped="0">
  <testcase classname="DeepaAndroid.Appium.Ecommerce_TC3" name="FillForm" time="27.514"/>
  <system-out/>
</testsuite> <!-- DeepaAndroid.Appium.Ecommerce_TC3 -->
