<?xml version="1.0" encoding="UTF-8"?>
<!-- Generated by org.testng.reporters.JUnitReportReporter -->
<testsuite hostname="VFY-QA-22" failures="0" tests="1" name="DeepaAndroid.Appium.CheckoutApp" time="14.443" errors="0" timestamp="2022-08-23T15:25:49 IST" skipped="0">
  <testcase classname="DeepaAndroid.Appium.CheckoutApp" name="CheckoutDemoApp" time="14.443"/>
  <system-out/>
</testsuite> <!-- DeepaAndroid.Appium.CheckoutApp -->
