<?xml version="1.0" encoding="UTF-8"?>
<!-- Generated by org.testng.reporters.JUnitReportReporter -->
<testsuite hostname="VFY-QA-22" failures="0" tests="1" name="DeepaAndroid.Appium.RealdeviceTry" time="37.161" errors="0" timestamp="2022-08-19T17:50:38 IST" skipped="0">
  <testcase classname="DeepaAndroid.Appium.RealdeviceTry" name="ConfigureAppium" time="37.161"/>
  <system-out/>
</testsuite> <!-- DeepaAndroid.Appium.RealdeviceTry -->
