<?xml version="1.0" encoding="UTF-8"?>
<!-- Generated by org.testng.reporters.JUnitReportReporter -->
<testsuite hostname="VFY-QA-22" failures="0" tests="1" name="DeepaAndroid.Appium.Ecommerce_TC2" time="49.059" errors="0" timestamp="2022-08-22T15:37:05 IST" skipped="0">
  <testcase classname="DeepaAndroid.Appium.Ecommerce_TC2" name="FillForm" time="49.059"/>
  <system-out/>
</testsuite> <!-- DeepaAndroid.Appium.Ecommerce_TC2 -->
