<?xml version="1.0" encoding="UTF-8"?>
<!-- Generated by org.testng.reporters.JUnitReportReporter -->
<testsuite hostname="VFY-QA-22" failures="0" tests="1" name="DeepaAndroid.Appium.Ecommerce_TC1" time="43.678" errors="0" timestamp="2022-08-22T14:24:33 IST" skipped="0">
  <testcase classname="DeepaAndroid.Appium.Ecommerce_TC1" name="FillForm" time="43.678"/>
  <system-out/>
</testsuite> <!-- DeepaAndroid.Appium.Ecommerce_TC1 -->
