<?xml version="1.0" encoding="UTF-8"?>
<!-- Generated by org.testng.reporters.JUnitReportReporter -->
<testsuite hostname="VFY-QA-22" failures="0" tests="1" name="DeepaAndroid.Appium.AppiumBasics" time="2.147" errors="0" timestamp="2022-08-19T17:52:45 IST" skipped="0">
  <testcase classname="DeepaAndroid.Appium.AppiumBasics" name="sampleAppTest" time="2.147"/>
  <system-out/>
</testsuite> <!-- DeepaAndroid.Appium.AppiumBasics -->
